<?xml version="1.0" encoding="UTF-8"?>
<!-- Generated by org.testng.reporters.JUnitXMLReporter -->
<testsuite ignored="0" hostname="Sambit" failures="0" tests="4" name="Default test" time="45.135" errors="0" timestamp="2024-12-29T13:20:26 IST">
  <testcase classname="com.tests.AdminClassTest" name="getLeftSidemenuOptions" time="6.868"/>
  <testcase classname="com.tests.AdminClassTest" name="searchByUsername" time="6.58"/>
  <testcase classname="com.tests.AdminClassTest" name="searchByRole" time="10.616"/>
  <testcase classname="com.tests.AdminClassTest" name="searchByUserStatus" time="10.645"/>
</testsuite> <!-- Default test -->
